<?xml version="1.0" encoding="UTF-8"?>
<!-- Generated by org.testng.reporters.JUnitReportReporter -->
<testsuite hostname="Jammy" name="springmvc.model.dao.ApplicationDaoTest" tests="1" failures="0" timestamp="12 Feb 2016 21:30:09 GMT" time="0.350" errors="0">
  <testcase name="getDepartments" time="0.350" classname="springmvc.model.dao.ApplicationDaoTest"/>
</testsuite> <!-- springmvc.model.dao.ApplicationDaoTest -->
