<?xml version="1.0" encoding="UTF-8"?>
<!-- Generated by org.testng.reporters.JUnitReportReporter -->
<testsuite hostname="Jammy" name="springmvc.model.dao.UserDaoTest" tests="2" failures="0" timestamp="27 Jan 2016 20:23:56 GMT" time="0.376" errors="0">
  <testcase name="getUsers" time="0.269" classname="springmvc.model.dao.UserDaoTest"/>
  <testcase name="getUser" time="0.107" classname="springmvc.model.dao.UserDaoTest"/>
</testsuite> <!-- springmvc.model.dao.UserDaoTest -->
