<?xml version="1.0" encoding="UTF-8"?>
<!-- Generated by org.testng.reporters.JUnitReportReporter -->
<testsuite hostname="Jammy" name="springmvc.model.dao.StudentDaoTest" tests="1" failures="0" timestamp="2 Feb 2016 06:29:23 GMT" time="0.339" errors="0">
  <testcase name="getStudents" time="0.339" classname="springmvc.model.dao.StudentDaoTest"/>
</testsuite> <!-- springmvc.model.dao.StudentDaoTest -->
