<?xml version="1.0" encoding="UTF-8"?>
<!-- Generated by org.testng.reporters.JUnitReportReporter -->
<testsuite hostname="Jammy" name="springmvc.model.dao.ApplicationDaoTest" tests="1" failures="0" timestamp="9 Mar 2016 07:47:27 GMT" time="0.467" errors="0">
  <testcase name="getDepartments" time="0.467" classname="springmvc.model.dao.ApplicationDaoTest"/>
</testsuite> <!-- springmvc.model.dao.ApplicationDaoTest -->
