<?xml version="1.0" encoding="UTF-8"?>
<!-- Generated by org.testng.reporters.JUnitReportReporter -->
<testsuite hostname="Jammy" name="springmvc.model.dao.StudentDaoTest" tests="1" failures="0" timestamp="9 Mar 2016 07:47:27 GMT" time="0.025" errors="0">
  <testcase name="getStudents" time="0.025" classname="springmvc.model.dao.StudentDaoTest"/>
</testsuite> <!-- springmvc.model.dao.StudentDaoTest -->
